<?xml version="1.0" encoding="UTF-8"?>
<!-- Generated by org.testng.reporters.JUnitReportReporter -->
<testsuite skipped="0" hostname="DELL-PC" name="jenkins.jenkinstest.Login1" tests="1" failures="0" timestamp="29 May 2018 14:50:42 GMT" time="5.962" errors="0">
  <testcase name="customerLogin" time="5.962" classname="jenkins.jenkinstest.Login1"/>
</testsuite> <!-- jenkins.jenkinstest.Login1 -->
